[debug] [2025-04-20T17:07:09.524Z] ----------------------------------------------------------------------
[debug] [2025-04-20T17:07:09.533Z] Command:       C:\Program Files\nodejs\node.exe C:\Users\jibon\AppData\Roaming\npm\node_modules\firebase-tools\lib\bin\firebase.js init
[debug] [2025-04-20T17:07:09.535Z] CLI Version:   14.2.0
[debug] [2025-04-20T17:07:09.535Z] Platform:      win32
[debug] [2025-04-20T17:07:09.536Z] Node Version:  v22.14.0
[debug] [2025-04-20T17:07:09.537Z] Time:          Sun Apr 20 2025 23:07:09 GMT+0600 (Bangladesh Standard Time)
[debug] [2025-04-20T17:07:09.537Z] ----------------------------------------------------------------------
[debug] 
[debug] [2025-04-20T17:07:09.559Z] > command requires scopes: ["email","openid","https://www.googleapis.com/auth/cloudplatformprojects.readonly","https://www.googleapis.com/auth/firebase","https://www.googleapis.com/auth/cloud-platform"]
[debug] [2025-04-20T17:07:09.559Z] > authorizing via signed-in user (jibonraja11@gmail.com)
[info] 
     ######## #### ########  ######## ########     ###     ######  ########
     ##        ##  ##     ## ##       ##     ##  ##   ##  ##       ##
     ######    ##  ########  ######   ########  #########  ######  ######
     ##        ##  ##    ##  ##       ##     ## ##     ##       ## ##
     ##       #### ##     ## ######## ########  ##     ##  ######  ########

You're about to initialize a Firebase project in this directory:

  D:\Redux\coffee-house-client

[info] 
=== Project Setup
[info] 
[info] First, let's associate this project directory with a Firebase project.
[info] You can create multiple project aliases by running firebase use --add, 
[info] but for now we'll just set up a default project.
[info] 
[info] i  If you want to create a project in a Google Cloud organization or folder, please use "firebase projects:create" instead, and return to this command when you've created the project. 
[debug] [2025-04-20T17:07:30.484Z] Checked if tokens are valid: true, expires at: 1745172405363
[debug] [2025-04-20T17:07:30.484Z] Checked if tokens are valid: true, expires at: 1745172405363
[debug] [2025-04-20T17:07:30.487Z] >>> [apiv2][query] POST https://cloudresourcemanager.googleapis.com/v1/projects [none]
[debug] [2025-04-20T17:07:30.487Z] >>> [apiv2][body] POST https://cloudresourcemanager.googleapis.com/v1/projects {"projectId":"coffee-client-app","name":"coffee-client-app"}
[debug] [2025-04-20T17:07:32.254Z] <<< [apiv2][status] POST https://cloudresourcemanager.googleapis.com/v1/projects 200
[debug] [2025-04-20T17:07:32.254Z] <<< [apiv2][body] POST https://cloudresourcemanager.googleapis.com/v1/projects {"name":"operations/create_project.global.7314745089405285456"}
[debug] [2025-04-20T17:07:32.257Z] Checked if tokens are valid: true, expires at: 1745172405363
[debug] [2025-04-20T17:07:32.258Z] Checked if tokens are valid: true, expires at: 1745172405363
[debug] [2025-04-20T17:07:32.259Z] >>> [apiv2][query] GET https://cloudresourcemanager.googleapis.com/v1/operations/create_project.global.7314745089405285456 [none]
[debug] [2025-04-20T17:07:33.814Z] <<< [apiv2][status] GET https://cloudresourcemanager.googleapis.com/v1/operations/create_project.global.7314745089405285456 200
[debug] [2025-04-20T17:07:33.814Z] <<< [apiv2][body] GET https://cloudresourcemanager.googleapis.com/v1/operations/create_project.global.7314745089405285456 {"name":"operations/create_project.global.7314745089405285456","metadata":{"@type":"type.googleapis.com/google.cloudresourcemanager.v1.ProjectCreationStatus","ready":true},"done":true,"error":{"code":8,"message":"The project cannot be created because you have exceeded your allotted project quota.","details":[{"@type":"type.googleapis.com/google.rpc.QuotaFailure","violations":[{"description":"The project cannot be created because you have exceeded your allotted project quota."}]}]}}
[debug] [2025-04-20T17:07:34.934Z] FirebaseError: The project cannot be created because you have exceeded your allotted project quota.
    at OperationPoller.poll (C:\Users\jibon\AppData\Roaming\npm\node_modules\firebase-tools\lib\operation-poller.js:24:19)
    at process.processTicksAndRejections (node:internal/process/task_queues:105:5)
    at async createCloudProject (C:\Users\jibon\AppData\Roaming\npm\node_modules\firebase-tools\lib\management\projects.js:213:29)
    at async createFirebaseProjectAndLog (C:\Users\jibon\AppData\Roaming\npm\node_modules\firebase-tools\lib\management\projects.js:71:9)
    at async promptAndCreateNewProject (C:\Users\jibon\AppData\Roaming\npm\node_modules\firebase-tools\lib\init\features\project.js:32:12)
    at async doSetup (C:\Users\jibon\AppData\Roaming\npm\node_modules\firebase-tools\lib\init\features\project.js:89:27)
    at async init (C:\Users\jibon\AppData\Roaming\npm\node_modules\firebase-tools\lib\init\index.js:41:9)
[error] 
[error] Error: Failed to create project. See firebase-debug.log for more info.
